0 info it worked if it ends with ok
1 verbose cli [ '/usr/local/bin/node',
1 verbose cli   '/usr/local/bin/npm',
1 verbose cli   'uninstall',
1 verbose cli   'grunt-cli' ]
2 info using npm@1.4.28
3 info using node@v0.10.35
4 verbose node_modules/grunt-cli unbuild
5 info preuninstall grunt-cli@0.1.13
6 info uninstall grunt-cli@0.1.13
7 verbose true,/Applications/MAMP/htdocs/nmeta/node_modules,/Applications/MAMP/htdocs/nmeta/node_modules unbuild grunt-cli@0.1.13
8 verbose /Applications/MAMP/htdocs/nmeta/node_modules/.bin,[object Object] binRoot
9 error Error: EACCES, unlink '/Applications/MAMP/htdocs/nmeta/node_modules/.bin/grunt'
9 error  { [Error: EACCES, unlink '/Applications/MAMP/htdocs/nmeta/node_modules/.bin/grunt']
9 error   errno: 3,
9 error   code: 'EACCES',
9 error   path: '/Applications/MAMP/htdocs/nmeta/node_modules/.bin/grunt' }
10 error Please try running this command again as root/Administrator.
11 error System Darwin 14.0.0
12 error command "/usr/local/bin/node" "/usr/local/bin/npm" "uninstall" "grunt-cli"
13 error cwd /Applications/MAMP/htdocs/nmeta
14 error node -v v0.10.35
15 error npm -v 1.4.28
16 error path /Applications/MAMP/htdocs/nmeta/node_modules/.bin/grunt
17 error code EACCES
18 error errno 3
19 error stack Error: EACCES, unlink '/Applications/MAMP/htdocs/nmeta/node_modules/.bin/grunt'
20 verbose exit [ 3, true ]
